mode: set
github.com/verdade/temperature-by-cep-api/pkg/address/viacep/viacep.go:31.59,36.2 1 1
github.com/verdade/temperature-by-cep-api/pkg/address/viacep/viacep.go:38.98,49.16 4 1
github.com/verdade/temperature-by-cep-api/pkg/address/viacep/viacep.go:49.16,52.3 2 1
github.com/verdade/temperature-by-cep-api/pkg/address/viacep/viacep.go:54.2,57.16 3 1
github.com/verdade/temperature-by-cep-api/pkg/address/viacep/viacep.go:57.16,60.3 2 1
github.com/verdade/temperature-by-cep-api/pkg/address/viacep/viacep.go:62.2,62.22 1 1
github.com/verdade/temperature-by-cep-api/pkg/address/viacep/viacep.go:62.22,65.3 2 1
github.com/verdade/temperature-by-cep-api/pkg/address/viacep/viacep.go:66.2,70.25 3 1
github.com/verdade/temperature-by-cep-api/pkg/address/viacep/viacep.go:73.56,77.2 1 1
github.com/verdade/temperature-by-cep-api/internal/infra/web/handler/temperature.go:17.101,21.2 1 1
github.com/verdade/temperature-by-cep-api/internal/infra/web/handler/temperature.go:23.97,28.32 3 1
github.com/verdade/temperature-by-cep-api/internal/infra/web/handler/temperature.go:28.32,31.3 2 1
github.com/verdade/temperature-by-cep-api/internal/infra/web/handler/temperature.go:32.2,38.38 4 1
github.com/verdade/temperature-by-cep-api/internal/infra/web/handler/temperature.go:38.38,43.3 4 1
github.com/verdade/temperature-by-cep-api/internal/infra/web/handler/temperature.go:45.2,45.16 1 1
github.com/verdade/temperature-by-cep-api/internal/infra/web/handler/temperature.go:45.16,50.3 4 1
github.com/verdade/temperature-by-cep-api/internal/infra/web/handler/temperature.go:52.2,54.47 2 1
github.com/verdade/temperature-by-cep-api/internal/infra/web/handler/temperature.go:57.85,63.2 1 1
github.com/verdade/temperature-by-cep-api/internal/infra/web/handler/temperature_proxy.go:23.113,27.2 1 0
github.com/verdade/temperature-by-cep-api/internal/infra/web/handler/temperature_proxy.go:29.102,36.33 5 0
github.com/verdade/temperature-by-cep-api/internal/infra/web/handler/temperature_proxy.go:36.33,39.3 2 0
github.com/verdade/temperature-by-cep-api/internal/infra/web/handler/temperature_proxy.go:40.2,42.16 3 0
github.com/verdade/temperature-by-cep-api/internal/infra/web/handler/temperature_proxy.go:42.16,47.3 4 0
github.com/verdade/temperature-by-cep-api/internal/infra/web/handler/temperature_proxy.go:49.2,51.16 3 0
github.com/verdade/temperature-by-cep-api/internal/infra/web/handler/temperature_proxy.go:51.16,56.3 4 0
github.com/verdade/temperature-by-cep-api/internal/infra/web/handler/temperature_proxy.go:58.2,60.32 2 0
github.com/verdade/temperature-by-cep-api/internal/infra/web/handler/temperature_proxy.go:60.32,65.3 4 0
github.com/verdade/temperature-by-cep-api/internal/infra/web/handler/temperature_proxy.go:66.2,70.16 5 0
github.com/verdade/temperature-by-cep-api/internal/infra/web/handler/temperature_proxy.go:70.16,75.3 4 0
github.com/verdade/temperature-by-cep-api/internal/infra/web/handler/temperature_proxy.go:77.2,77.38 1 0
github.com/verdade/temperature-by-cep-api/internal/infra/web/handler/temperature_proxy.go:81.44,83.2 1 0
github.com/verdade/temperature-by-cep-api/internal/usecase/temperature/find_temperature.go:17.118,22.2 1 1
github.com/verdade/temperature-by-cep-api/internal/usecase/temperature/find_temperature.go:24.106,27.16 3 1
github.com/verdade/temperature-by-cep-api/internal/usecase/temperature/find_temperature.go:27.16,30.3 2 1
github.com/verdade/temperature-by-cep-api/internal/usecase/temperature/find_temperature.go:31.2,32.16 2 1
github.com/verdade/temperature-by-cep-api/internal/usecase/temperature/find_temperature.go:32.16,35.3 2 1
github.com/verdade/temperature-by-cep-api/internal/usecase/temperature/find_temperature.go:36.2,37.18 2 1
github.com/verdade/temperature-by-cep-api/internal/usecase/temperature/proxy_temperature.go:18.98,23.2 1 0
github.com/verdade/temperature-by-cep-api/internal/usecase/temperature/proxy_temperature.go:25.113,37.16 4 0
github.com/verdade/temperature-by-cep-api/internal/usecase/temperature/proxy_temperature.go:37.16,40.3 2 0
github.com/verdade/temperature-by-cep-api/internal/usecase/temperature/proxy_temperature.go:41.2,44.16 3 0
github.com/verdade/temperature-by-cep-api/internal/usecase/temperature/proxy_temperature.go:44.16,47.3 2 0
github.com/verdade/temperature-by-cep-api/internal/usecase/temperature/proxy_temperature.go:49.2,51.23 2 0
github.com/verdade/temperature-by-cep-api/pkg/temperature/weather/weather.go:27.65,33.2 1 1
github.com/verdade/temperature-by-cep-api/pkg/temperature/weather/weather.go:35.97,46.16 4 1
github.com/verdade/temperature-by-cep-api/pkg/temperature/weather/weather.go:46.16,49.3 2 1
github.com/verdade/temperature-by-cep-api/pkg/temperature/weather/weather.go:51.2,54.16 3 1
github.com/verdade/temperature-by-cep-api/pkg/temperature/weather/weather.go:54.16,57.3 2 1
github.com/verdade/temperature-by-cep-api/pkg/temperature/weather/weather.go:59.2,62.29 3 1
github.com/verdade/temperature-by-cep-api/pkg/temperature/weather/weather.go:65.64,71.2 1 1
github.com/verdade/temperature-by-cep-api/pkg/temperature/weather/weather.go:73.47,75.2 1 1
