mode: set
github.com/verdade/temperature-by-cep-api/internal/infra/web/handler/temperature.go:22.101,26.2 1 1
github.com/verdade/temperature-by-cep-api/internal/infra/web/handler/temperature.go:28.97,32.32 3 1
github.com/verdade/temperature-by-cep-api/internal/infra/web/handler/temperature.go:32.32,35.3 2 1
github.com/verdade/temperature-by-cep-api/internal/infra/web/handler/temperature.go:36.2,40.32 3 1
github.com/verdade/temperature-by-cep-api/internal/infra/web/handler/temperature.go:40.32,45.3 4 1
github.com/verdade/temperature-by-cep-api/internal/infra/web/handler/temperature.go:47.2,49.38 2 1
github.com/verdade/temperature-by-cep-api/internal/infra/web/handler/temperature.go:49.38,54.3 4 1
github.com/verdade/temperature-by-cep-api/internal/infra/web/handler/temperature.go:56.2,56.16 1 1
github.com/verdade/temperature-by-cep-api/internal/infra/web/handler/temperature.go:56.16,61.3 4 1
github.com/verdade/temperature-by-cep-api/internal/infra/web/handler/temperature.go:63.2,64.47 2 1
github.com/verdade/temperature-by-cep-api/internal/infra/web/handler/temperature.go:67.75,73.2 1 1
github.com/verdade/temperature-by-cep-api/internal/infra/web/handler/temperature.go:75.44,77.2 1 1
github.com/verdade/temperature-by-cep-api/internal/usecase/temperature/find_temperature.go:17.118,22.2 1 1
github.com/verdade/temperature-by-cep-api/internal/usecase/temperature/find_temperature.go:24.106,27.16 3 1
github.com/verdade/temperature-by-cep-api/internal/usecase/temperature/find_temperature.go:27.16,30.3 2 1
github.com/verdade/temperature-by-cep-api/internal/usecase/temperature/find_temperature.go:31.2,32.16 2 1
github.com/verdade/temperature-by-cep-api/internal/usecase/temperature/find_temperature.go:32.16,35.3 2 1
github.com/verdade/temperature-by-cep-api/internal/usecase/temperature/find_temperature.go:36.2,37.18 2 1
github.com/verdade/temperature-by-cep-api/pkg/address/viacep/viacep.go:31.59,36.2 1 1
github.com/verdade/temperature-by-cep-api/pkg/address/viacep/viacep.go:38.98,49.16 4 1
github.com/verdade/temperature-by-cep-api/pkg/address/viacep/viacep.go:49.16,52.3 2 1
github.com/verdade/temperature-by-cep-api/pkg/address/viacep/viacep.go:54.2,57.16 3 1
github.com/verdade/temperature-by-cep-api/pkg/address/viacep/viacep.go:57.16,60.3 2 1
github.com/verdade/temperature-by-cep-api/pkg/address/viacep/viacep.go:62.2,62.22 1 1
github.com/verdade/temperature-by-cep-api/pkg/address/viacep/viacep.go:62.22,65.3 2 1
github.com/verdade/temperature-by-cep-api/pkg/address/viacep/viacep.go:66.2,70.25 3 1
github.com/verdade/temperature-by-cep-api/pkg/address/viacep/viacep.go:73.56,77.2 1 1
github.com/verdade/temperature-by-cep-api/pkg/temperature/weather/weather.go:27.65,33.2 1 1
github.com/verdade/temperature-by-cep-api/pkg/temperature/weather/weather.go:35.97,46.16 4 1
github.com/verdade/temperature-by-cep-api/pkg/temperature/weather/weather.go:46.16,49.3 2 1
github.com/verdade/temperature-by-cep-api/pkg/temperature/weather/weather.go:51.2,54.16 3 1
github.com/verdade/temperature-by-cep-api/pkg/temperature/weather/weather.go:54.16,57.3 2 1
github.com/verdade/temperature-by-cep-api/pkg/temperature/weather/weather.go:59.2,62.29 3 1
github.com/verdade/temperature-by-cep-api/pkg/temperature/weather/weather.go:65.64,71.2 1 1
github.com/verdade/temperature-by-cep-api/pkg/temperature/weather/weather.go:73.47,75.2 1 1
